<testsuites id="" name="" tests="8" failures="0" skipped="0" errors="0" time="1.8478119999999998">
<testsuite name="smoke-test-api-only.spec.ts" timestamp="2025-08-27T02:52:21.647Z" hostname="api-smoke-tests" tests="8" failures="0" skipped="0" time="1.17" errors="0">
<testcase name="API 전용 스모크 테스트 › 🚀 서비스 기본 접근성 (API)" classname="smoke-test-api-only.spec.ts" time="0.098">
<system-out>
<![CDATA[✅ 프론트엔드 인증 보호 정상 작동
]]>
</system-out>
</testcase>
<testcase name="API 전용 스모크 테스트 › 🔗 백엔드 API 연결성" classname="smoke-test-api-only.spec.ts" time="0.391">
<system-out>
<![CDATA[✅ API 연결 성공 (385ms, 상태: healthy)
]]>
</system-out>
</testcase>
<testcase name="API 전용 스모크 테스트 › 🔒 인증 시스템 기본 동작 (API)" classname="smoke-test-api-only.spec.ts" time="0.217">
<system-out>
<![CDATA[✅ 인증 엔드포인트 정상 작동
]]>
</system-out>
</testcase>
<testcase name="API 전용 스모크 테스트 › 🌐 CORS 설정 기본 확인" classname="smoke-test-api-only.spec.ts" time="0.108">
<system-out>
<![CDATA[✅ CORS 설정 정상
]]>
</system-out>
</testcase>
<testcase name="API 전용 스모크 테스트 › 🛡️ 기본 보안 헤더" classname="smoke-test-api-only.spec.ts" time="0.019">
<system-out>
<![CDATA[✅ 보안 헤더: 2/4개
]]>
</system-out>
</testcase>
<testcase name="API 전용 스모크 테스트 › ⚡ API 응답 성능" classname="smoke-test-api-only.spec.ts" time="0.101">
<system-out>
<![CDATA[✅ API 성능 (98ms)
]]>
</system-out>
</testcase>
<testcase name="API 전용 스모크 테스트 › 📱 반응형 동작 (헤더)" classname="smoke-test-api-only.spec.ts" time="0.026">
<system-out>
<![CDATA[✅ 모바일 요청 정상 처리
]]>
</system-out>
</testcase>
<testcase name="API 전용 스모크 테스트 › 🔄 기본 에러 복구" classname="smoke-test-api-only.spec.ts" time="0.21">
<system-out>
<![CDATA[✅ 에러 복구 메커니즘 정상
]]>
</system-out>
</testcase>
</testsuite>
</testsuites>